<?xml version="1.0" encoding="UTF-8"?>
<testng-results ignored="0" total="1" passed="1" failed="0" skipped="0">
  <reporter-output>
    <line>
      <![CDATA[no verification]]>
    </line>
  </reporter-output>
  <suite started-at="2022-12-23T23:43:08 IST" name="Default suite" finished-at="2022-12-23T23:45:31 IST" duration-ms="143134">
    <groups>
    </groups>
    <test started-at="2022-12-23T23:43:08 IST" name="Default test" finished-at="2022-12-23T23:45:31 IST" duration-ms="143134">
      <class name="TestPack.Test_OrangeHrm">
        <test-method is-config="true" signature="openBrowser()[pri:0, instance:TestPack.Test_OrangeHrm@298a5e20]" started-at="2022-12-23T23:43:08 IST" name="openBrowser" finished-at="2022-12-23T23:45:23 IST" duration-ms="134616" status="PASS">
          <reporter-output>
          </reporter-output>
        </test-method> <!-- openBrowser -->
        <test-method is-config="true" signature="openApp()[pri:0, instance:TestPack.Test_OrangeHrm@298a5e20]" started-at="2022-12-23T23:45:23 IST" name="openApp" finished-at="2022-12-23T23:45:31 IST" duration-ms="8390" status="PASS">
          <reporter-output>
          </reporter-output>
        </test-method> <!-- openApp -->
        <test-method signature="verify()[pri:0, instance:TestPack.Test_OrangeHrm@298a5e20]" started-at="2022-12-23T23:45:31 IST" name="verify" finished-at="2022-12-23T23:45:31 IST" duration-ms="8" status="PASS">
          <reporter-output>
            <line>
              <![CDATA[no verification]]>
            </line>
          </reporter-output>
        </test-method> <!-- verify -->
      </class> <!-- TestPack.Test_OrangeHrm -->
    </test> <!-- Default test -->
  </suite> <!-- Default suite -->
</testng-results>
